<?xml version="1.0" encoding="UTF-8"?>
<!-- Generated by org.testng.reporters.JUnitXMLReporter -->
<testsuite ignored="1" hostname="DESKTOP-MROTK63" failures="0" tests="1" name="Default test" time="53.034" errors="0" timestamp="2021-03-29T17:20:55 EDT">
  <testcase classname="webdriver_practice.Test123" name="computedStyle" time="50.798"/>
  <testcase classname="webdriver_practice.Test123" name="bootstrapperDropDown" time="0.0">
    <ignored/>
  </testcase> <!-- bootstrapperDropDown -->
</testsuite> <!-- Default test -->
