<?xml version="1.0" encoding="UTF-8"?>
<testng-results ignored="1" total="2" passed="1" failed="0" skipped="0">
  <reporter-output>
  </reporter-output>
  <suite started-at="2021-03-29T17:20:02 EDT" name="Default suite" finished-at="2021-03-29T17:20:55 EDT" duration-ms="53034">
    <groups>
    </groups>
    <test started-at="2021-03-29T17:20:02 EDT" name="Default test" finished-at="2021-03-29T17:20:55 EDT" duration-ms="53034">
      <class name="webdriver_practice.Test123">
        <test-method is-config="true" signature="setup()[pri:0, instance:webdriver_practice.Test123@418e7838]" started-at="2021-03-29T17:20:02 EDT" name="setup" finished-at="2021-03-29T17:20:04 EDT" duration-ms="2200" status="PASS">
          <reporter-output>
          </reporter-output>
        </test-method> <!-- setup -->
        <test-method signature="computedStyle()[pri:0, instance:webdriver_practice.Test123@418e7838]" started-at="2021-03-29T17:20:04 EDT" name="computedStyle" finished-at="2021-03-29T17:20:55 EDT" duration-ms="50798" status="PASS">
          <reporter-output>
          </reporter-output>
        </test-method> <!-- computedStyle -->
      </class> <!-- webdriver_practice.Test123 -->
    </test> <!-- Default test -->
  </suite> <!-- Default suite -->
</testng-results>
