<?xml version="1.0" encoding="UTF-8"?>
<!-- Generated by org.testng.reporters.JUnitXMLReporter -->
<testsuite hostname="KunalMalik" ignored="1" name="Default test(failed)" tests="2" failures="2" timestamp="02 Nov 2017 13:25:13 GMT" time="0.11" errors="0">
  <testcase name="tcase1" time="0.03" classname="TestNG.Assertion_hard">
    <failure type="java.lang.AssertionError" message="Expected and Actual does not match expected [13] but found [12]">
      <![CDATA[java.lang.AssertionError: Expected and Actual does not match expected [13] but found [12]
	at TestNG.Assertion_hard.tcase1(Assertion_hard.java:18)
	at TestNG.Runner.main(Runner.java:18)
... Removed 27 stack frames]]>
    </failure>
  </testcase> <!-- tcase1 -->
  <testcase name="tcase2" time="0.0" classname="TestNG.Assertion_hard">
    <failure type="java.lang.AssertionError" message="Does not match expected [true] but found [false]">
      <![CDATA[java.lang.AssertionError: Does not match expected [true] but found [false]
	at TestNG.Assertion_hard.tcase2(Assertion_hard.java:36)
	at TestNG.Runner.main(Runner.java:18)
... Removed 25 stack frames]]>
    </failure>
  </testcase> <!-- tcase2 -->
  <testcase name="tcase3" time="0.0" classname="TestNG.Assertion_hard">
    <ignored/>
  </testcase> <!-- tcase3 -->
</testsuite> <!-- Default test(failed) -->
